[2023-09-04 13:32:28] production.ERROR: SQLSTATE[23000]: Integrity constraint violation: 1062 Duplicate entry 'admin@mytravel.test' for key 'users_email_unique' (SQL: insert into `users` (`first_name`, `last_name`, `email`, `password`, `phone`, `status`, `created_at`, `email_verified_at`, `bio`) values (System, Admin, admin@mytravel.test, $2y$10$7raEzU5trDJdMe1WshMCC.jvWNvFDw9OTE.UHwMDz8PLSqwaAHy7y, 112 666 888, publish, 2023-09-04 13:32:28, 2023-09-04 13:32:28, We're designers who have fallen in love with creating spaces for others to reflect, reset, and create. We split our time between two deserts (the Mojave, and the Sonoran). We love the way the heat sinks into our bones, the vibrant sunsets, and the wildlife we get to call our neighbors.)) {"userId":1,"exception":"[object] (Illuminate\\Database\\QueryException(code: 23000): SQLSTATE[23000]: Integrity constraint violation: 1062 Duplicate entry 'admin@mytravel.test' for key 'users_email_unique' (SQL: insert into `users` (`first_name`, `last_name`, `email`, `password`, `phone`, `status`, `created_at`, `email_verified_at`, `bio`) values (System, Admin, admin@mytravel.test, $2y$10$7raEzU5trDJdMe1WshMCC.jvWNvFDw9OTE.UHwMDz8PLSqwaAHy7y, 112 666 888, publish, 2023-09-04 13:32:28, 2023-09-04 13:32:28, We're designers who have fallen in love with creating spaces for others to reflect, reset, and create. We split our time between two deserts (the Mojave, and the Sonoran). We love the way the heat sinks into our bones, the vibrant sunsets, and the wildlife we get to call our neighbors.)) at /home/chinapon/7thaviation.chinaponno.com/vendor/laravel/framework/src/Illuminate/Database/Connection.php:760)
[stacktrace]
#0 /home/chinapon/7thaviation.chinaponno.com/vendor/laravel/framework/src/Illuminate/Database/Connection.php(720): Illuminate\\Database\\Connection->runQueryCallback()
#1 /home/chinapon/7thaviation.chinaponno.com/vendor/laravel/framework/src/Illuminate/Database/Connection.php(546): Illuminate\\Database\\Connection->run()
#2 /home/chinapon/7thaviation.chinaponno.com/vendor/laravel/framework/src/Illuminate/Database/Connection.php(498): Illuminate\\Database\\Connection->statement()
#3 /home/chinapon/7thaviation.chinaponno.com/vendor/laravel/framework/src/Illuminate/Database/Query/Builder.php(3222): Illuminate\\Database\\Connection->insert()
#4 /home/chinapon/7thaviation.chinaponno.com/themes/Mytravel/Database/Seeders/UsersTableSeeder.php(26): Illuminate\\Database\\Query\\Builder->insert()
#5 /home/chinapon/7thaviation.chinaponno.com/vendor/laravel/framework/src/Illuminate/Container/BoundMethod.php(36): Themes\\Mytravel\\Database\\Seeders\\UsersTableSeeder->run()
#6 /home/chinapon/7thaviation.chinaponno.com/vendor/laravel/framework/src/Illuminate/Container/Util.php(41): Illuminate\\Container\\BoundMethod::Illuminate\\Container\\{closure}()
#7 /home/chinapon/7thaviation.chinaponno.com/vendor/laravel/framework/src/Illuminate/Container/BoundMethod.php(93): Illuminate\\Container\\Util::unwrapIfClosure()
#8 /home/chinapon/7thaviation.chinaponno.com/vendor/laravel/framework/src/Illuminate/Container/BoundMethod.php(37): Illuminate\\Container\\BoundMethod::callBoundMethod()
#9 /home/chinapon/7thaviation.chinaponno.com/vendor/laravel/framework/src/Illuminate/Container/Container.php(651): Illuminate\\Container\\BoundMethod::call()
#10 /home/chinapon/7thaviation.chinaponno.com/vendor/laravel/framework/src/Illuminate/Database/Seeder.php(184): Illuminate\\Container\\Container->call()
#11 /home/chinapon/7thaviation.chinaponno.com/vendor/laravel/framework/src/Illuminate/Database/Seeder.php(193): Illuminate\\Database\\Seeder->Illuminate\\Database\\{closure}()
#12 /home/chinapon/7thaviation.chinaponno.com/vendor/laravel/framework/src/Illuminate/Database/Seeder.php(61): Illuminate\\Database\\Seeder->__invoke()
#13 /home/chinapon/7thaviation.chinaponno.com/themes/Mytravel/Database/Seeders/DatabaseSeeder.php(23): Illuminate\\Database\\Seeder->call()
#14 /home/chinapon/7thaviation.chinaponno.com/vendor/laravel/framework/src/Illuminate/Container/BoundMethod.php(36): Themes\\Mytravel\\Database\\Seeders\\DatabaseSeeder->run()
#15 /home/chinapon/7thaviation.chinaponno.com/vendor/laravel/framework/src/Illuminate/Container/Util.php(41): Illuminate\\Container\\BoundMethod::Illuminate\\Container\\{closure}()
#16 /home/chinapon/7thaviation.chinaponno.com/vendor/laravel/framework/src/Illuminate/Container/BoundMethod.php(93): Illuminate\\Container\\Util::unwrapIfClosure()
#17 /home/chinapon/7thaviation.chinaponno.com/vendor/laravel/framework/src/Illuminate/Container/BoundMethod.php(37): Illuminate\\Container\\BoundMethod::callBoundMethod()
#18 /home/chinapon/7thaviation.chinaponno.com/vendor/laravel/framework/src/Illuminate/Container/Container.php(651): Illuminate\\Container\\BoundMethod::call()
#19 /home/chinapon/7thaviation.chinaponno.com/vendor/laravel/framework/src/Illuminate/Database/Seeder.php(184): Illuminate\\Container\\Container->call()
#20 /home/chinapon/7thaviation.chinaponno.com/vendor/laravel/framework/src/Illuminate/Database/Seeder.php(193): Illuminate\\Database\\Seeder->Illuminate\\Database\\{closure}()
#21 /home/chinapon/7thaviation.chinaponno.com/vendor/laravel/framework/src/Illuminate/Database/Console/Seeds/SeedCommand.php(81): Illuminate\\Database\\Seeder->__invoke()
#22 /home/chinapon/7thaviation.chinaponno.com/vendor/laravel/framework/src/Illuminate/Database/Eloquent/Concerns/GuardsAttributes.php(155): Illuminate\\Database\\Console\\Seeds\\SeedCommand->Illuminate\\Database\\Console\\Seeds\\{closure}()
#23 /home/chinapon/7thaviation.chinaponno.com/vendor/laravel/framework/src/Illuminate/Database/Console/Seeds/SeedCommand.php(82): Illuminate\\Database\\Eloquent\\Model::unguarded()
#24 /home/chinapon/7thaviation.chinaponno.com/vendor/laravel/framework/src/Illuminate/Container/BoundMethod.php(36): Illuminate\\Database\\Console\\Seeds\\SeedCommand->handle()
#25 /home/chinapon/7thaviation.chinaponno.com/vendor/laravel/framework/src/Illuminate/Container/Util.php(41): Illuminate\\Container\\BoundMethod::Illuminate\\Container\\{closure}()
#26 /home/chinapon/7thaviation.chinaponno.com/vendor/laravel/framework/src/Illuminate/Container/BoundMethod.php(93): Illuminate\\Container\\Util::unwrapIfClosure()
#27 /home/chinapon/7thaviation.chinaponno.com/vendor/laravel/framework/src/Illuminate/Container/BoundMethod.php(37): Illuminate\\Container\\BoundMethod::callBoundMethod()
#28 /home/chinapon/7thaviation.chinaponno.com/vendor/laravel/framework/src/Illuminate/Container/Container.php(651): Illuminate\\Container\\BoundMethod::call()
#29 /home/chinapon/7thaviation.chinaponno.com/vendor/laravel/framework/src/Illuminate/Console/Command.php(182): Illuminate\\Container\\Container->call()
#30 /home/chinapon/7thaviation.chinaponno.com/vendor/symfony/console/Command/Command.php(291): Illuminate\\Console\\Command->execute()
#31 /home/chinapon/7thaviation.chinaponno.com/vendor/laravel/framework/src/Illuminate/Console/Command.php(152): Symfony\\Component\\Console\\Command\\Command->run()
#32 /home/chinapon/7thaviation.chinaponno.com/vendor/symfony/console/Application.php(1014): Illuminate\\Console\\Command->run()
#33 /home/chinapon/7thaviation.chinaponno.com/vendor/symfony/console/Application.php(301): Symfony\\Component\\Console\\Application->doRunCommand()
#34 /home/chinapon/7thaviation.chinaponno.com/vendor/symfony/console/Application.php(171): Symfony\\Component\\Console\\Application->doRun()
#35 /home/chinapon/7thaviation.chinaponno.com/vendor/laravel/framework/src/Illuminate/Console/Application.php(102): Symfony\\Component\\Console\\Application->run()
#36 /home/chinapon/7thaviation.chinaponno.com/vendor/laravel/framework/src/Illuminate/Console/Application.php(194): Illuminate\\Console\\Application->run()
#37 /home/chinapon/7thaviation.chinaponno.com/vendor/laravel/framework/src/Illuminate/Foundation/Console/Kernel.php(336): Illuminate\\Console\\Application->call()
#38 /home/chinapon/7thaviation.chinaponno.com/vendor/laravel/framework/src/Illuminate/Support/Facades/Facade.php(338): Illuminate\\Foundation\\Console\\Kernel->call()
#39 /home/chinapon/7thaviation.chinaponno.com/modules/Theme/Abstracts/AbstractThemeProvider.php(67): Illuminate\\Support\\Facades\\Facade::__callStatic()
#40 /home/chinapon/7thaviation.chinaponno.com/modules/Theme/Admin/ThemeController.php(74): Modules\\Theme\\Abstracts\\AbstractThemeProvider::runSeeder()
#41 /home/chinapon/7thaviation.chinaponno.com/vendor/laravel/framework/src/Illuminate/Routing/Controller.php(54): Modules\\Theme\\Admin\\ThemeController->seeding()
#42 /home/chinapon/7thaviation.chinaponno.com/vendor/laravel/framework/src/Illuminate/Routing/ControllerDispatcher.php(43): Illuminate\\Routing\\Controller->callAction()
#43 /home/chinapon/7thaviation.chinaponno.com/vendor/laravel/framework/src/Illuminate/Routing/Route.php(260): Illuminate\\Routing\\ControllerDispatcher->dispatch()
#44 /home/chinapon/7thaviation.chinaponno.com/vendor/laravel/framework/src/Illuminate/Routing/Route.php(205): Illuminate\\Routing\\Route->runController()
#45 /home/chinapon/7thaviation.chinaponno.com/vendor/laravel/framework/src/Illuminate/Routing/Router.php(798): Illuminate\\Routing\\Route->run()
#46 /home/chinapon/7thaviation.chinaponno.com/vendor/laravel/framework/src/Illuminate/Pipeline/Pipeline.php(141): Illuminate\\Routing\\Router->Illuminate\\Routing\\{closure}()
#47 /home/chinapon/7thaviation.chinaponno.com/app/Http/Middleware/Dashboard.php(25): Illuminate\\Pipeline\\Pipeline->Illuminate\\Pipeline\\{closure}()
#48 /home/chinapon/7thaviation.chinaponno.com/vendor/laravel/framework/src/Illuminate/Pipeline/Pipeline.php(180): App\\Http\\Middleware\\Dashboard->handle()
#49 /home/chinapon/7thaviation.chinaponno.com/app/Http/Middleware/RequireChangePassword.php(41): Illuminate\\Pipeline\\Pipeline->Illuminate\\Pipeline\\{closure}()
#50 /home/chinapon/7thaviation.chinaponno.com/vendor/laravel/framework/src/Illuminate/Pipeline/Pipeline.php(180): App\\Http\\Middleware\\RequireChangePassword->handle()
#51 /home/chinapon/7thaviation.chinaponno.com/app/Http/Middleware/SetLanguageForAdmin.php(37): Illuminate\\Pipeline\\Pipeline->Illuminate\\Pipeline\\{closure}()
#52 /home/chinapon/7thaviation.chinaponno.com/vendor/laravel/framework/src/Illuminate/Pipeline/Pipeline.php(180): App\\Http\\Middleware\\SetLanguageForAdmin->handle()
#53 /home/chinapon/7thaviation.chinaponno.com/app/Http/Middleware/SetCurrentCurrency.php(48): Illuminate\\Pipeline\\Pipeline->Illuminate\\Pipeline\\{closure}()
#54 /home/chinapon/7thaviation.chinaponno.com/vendor/laravel/framework/src/Illuminate/Pipeline/Pipeline.php(180): App\\Http\\Middleware\\SetCurrentCurrency->handle()
#55 /home/chinapon/7thaviation.chinaponno.com/app/Http/Middleware/HideDebugbar.php(32): Illuminate\\Pipeline\\Pipeline->Illuminate\\Pipeline\\{closure}()
#56 /home/chinapon/7thaviation.chinaponno.com/vendor/laravel/framework/src/Illuminate/Pipeline/Pipeline.php(180): App\\Http\\Middleware\\HideDebugbar->handle()
#57 /home/chinapon/7thaviation.chinaponno.com/app/Http/Middleware/RedirectForMultiLanguage.php(58): Illuminate\\Pipeline\\Pipeline->Illuminate\\Pipeline\\{closure}()
#58 /home/chinapon/7thaviation.chinaponno.com/vendor/laravel/framework/src/Illuminate/Pipeline/Pipeline.php(180): App\\Http\\Middleware\\RedirectForMultiLanguage->handle()
#59 /home/chinapon/7thaviation.chinaponno.com/vendor/laravel/framework/src/Illuminate/Routing/Middleware/SubstituteBindings.php(50): Illuminate\\Pipeline\\Pipeline->Illuminate\\Pipeline\\{closure}()
#60 /home/chinapon/7thaviation.chinaponno.com/vendor/laravel/framework/src/Illuminate/Pipeline/Pipeline.php(180): Illuminate\\Routing\\Middleware\\SubstituteBindings->handle()
#61 /home/chinapon/7thaviation.chinaponno.com/vendor/laravel/framework/src/Illuminate/Foundation/Http/Middleware/VerifyCsrfToken.php(78): Illuminate\\Pipeline\\Pipeline->Illuminate\\Pipeline\\{closure}()
#62 /home/chinapon/7thaviation.chinaponno.com/vendor/laravel/framework/src/Illuminate/Pipeline/Pipeline.php(180): Illuminate\\Foundation\\Http\\Middleware\\VerifyCsrfToken->handle()
#63 /home/chinapon/7thaviation.chinaponno.com/vendor/laravel/framework/src/Illuminate/View/Middleware/ShareErrorsFromSession.php(49): Illuminate\\Pipeline\\Pipeline->Illuminate\\Pipeline\\{closure}()
#64 /home/chinapon/7thaviation.chinaponno.com/vendor/laravel/framework/src/Illuminate/Pipeline/Pipeline.php(180): Illuminate\\View\\Middleware\\ShareErrorsFromSession->handle()
#65 /home/chinapon/7thaviation.chinaponno.com/vendor/laravel/framework/src/Illuminate/Session/Middleware/StartSession.php(121): Illuminate\\Pipeline\\Pipeline->Illuminate\\Pipeline\\{closure}()
#66 /home/chinapon/7thaviation.chinaponno.com/vendor/laravel/framework/src/Illuminate/Session/Middleware/StartSession.php(64): Illuminate\\Session\\Middleware\\StartSession->handleStatefulRequest()
#67 /home/chinapon/7thaviation.chinaponno.com/vendor/laravel/framework/src/Illuminate/Pipeline/Pipeline.php(180): Illuminate\\Session\\Middleware\\StartSession->handle()
#68 /home/chinapon/7thaviation.chinaponno.com/vendor/laravel/framework/src/Illuminate/Cookie/Middleware/AddQueuedCookiesToResponse.php(37): Illuminate\\Pipeline\\Pipeline->Illuminate\\Pipeline\\{closure}()
#69 /home/chinapon/7thaviation.chinaponno.com/vendor/laravel/framework/src/Illuminate/Pipeline/Pipeline.php(180): Illuminate\\Cookie\\Middleware\\AddQueuedCookiesToResponse->handle()
#70 /home/chinapon/7thaviation.chinaponno.com/vendor/laravel/framework/src/Illuminate/Cookie/Middleware/EncryptCookies.php(67): Illuminate\\Pipeline\\Pipeline->Illuminate\\Pipeline\\{closure}()
#71 /home/chinapon/7thaviation.chinaponno.com/vendor/laravel/framework/src/Illuminate/Pipeline/Pipeline.php(180): Illuminate\\Cookie\\Middleware\\EncryptCookies->handle()
#72 /home/chinapon/7thaviation.chinaponno.com/vendor/laravel/framework/src/Illuminate/Pipeline/Pipeline.php(116): Illuminate\\Pipeline\\Pipeline->Illuminate\\Pipeline\\{closure}()
#73 /home/chinapon/7thaviation.chinaponno.com/vendor/laravel/framework/src/Illuminate/Routing/Router.php(799): Illuminate\\Pipeline\\Pipeline->then()
#74 /home/chinapon/7thaviation.chinaponno.com/vendor/laravel/framework/src/Illuminate/Routing/Router.php(776): Illuminate\\Routing\\Router->runRouteWithinStack()
#75 /home/chinapon/7thaviation.chinaponno.com/vendor/laravel/framework/src/Illuminate/Routing/Router.php(740): Illuminate\\Routing\\Router->runRoute()
#76 /home/chinapon/7thaviation.chinaponno.com/vendor/laravel/framework/src/Illuminate/Routing/Router.php(729): Illuminate\\Routing\\Router->dispatchToRoute()
#77 /home/chinapon/7thaviation.chinaponno.com/vendor/laravel/framework/src/Illuminate/Foundation/Http/Kernel.php(190): Illuminate\\Routing\\Router->dispatch()
#78 /home/chinapon/7thaviation.chinaponno.com/vendor/laravel/framework/src/Illuminate/Pipeline/Pipeline.php(141): Illuminate\\Foundation\\Http\\Kernel->Illuminate\\Foundation\\Http\\{closure}()
#79 /home/chinapon/7thaviation.chinaponno.com/themes/Base/Core/Middleware/RunUpdater.php(72): Illuminate\\Pipeline\\Pipeline->Illuminate\\Pipeline\\{closure}()
#80 /home/chinapon/7thaviation.chinaponno.com/vendor/laravel/framework/src/Illuminate/Pipeline/Pipeline.php(180): Themes\\Base\\Core\\Middleware\\RunUpdater->handle()
#81 /home/chinapon/7thaviation.chinaponno.com/vendor/barryvdh/laravel-debugbar/src/Middleware/InjectDebugbar.php(59): Illuminate\\Pipeline\\Pipeline->Illuminate\\Pipeline\\{closure}()
#82 /home/chinapon/7thaviation.chinaponno.com/vendor/laravel/framework/src/Illuminate/Pipeline/Pipeline.php(180): Barryvdh\\Debugbar\\Middleware\\InjectDebugbar->handle()
#83 /home/chinapon/7thaviation.chinaponno.com/vendor/laravel/framework/src/Illuminate/Foundation/Http/Middleware/TransformsRequest.php(21): Illuminate\\Pipeline\\Pipeline->Illuminate\\Pipeline\\{closure}()
#84 /home/chinapon/7thaviation.chinaponno.com/vendor/laravel/framework/src/Illuminate/Foundation/Http/Middleware/ConvertEmptyStringsToNull.php(31): Illuminate\\Foundation\\Http\\Middleware\\TransformsRequest->handle()
#85 /home/chinapon/7thaviation.chinaponno.com/vendor/laravel/framework/src/Illuminate/Pipeline/Pipeline.php(180): Illuminate\\Foundation\\Http\\Middleware\\ConvertEmptyStringsToNull->handle()
#86 /home/chinapon/7thaviation.chinaponno.com/vendor/laravel/framework/src/Illuminate/Foundation/Http/Middleware/TransformsRequest.php(21): Illuminate\\Pipeline\\Pipeline->Illuminate\\Pipeline\\{closure}()
#87 /home/chinapon/7thaviation.chinaponno.com/vendor/laravel/framework/src/Illuminate/Foundation/Http/Middleware/TrimStrings.php(40): Illuminate\\Foundation\\Http\\Middleware\\TransformsRequest->handle()
#88 /home/chinapon/7thaviation.chinaponno.com/vendor/laravel/framework/src/Illuminate/Pipeline/Pipeline.php(180): Illuminate\\Foundation\\Http\\Middleware\\TrimStrings->handle()
#89 /home/chinapon/7thaviation.chinaponno.com/vendor/laravel/framework/src/Illuminate/Foundation/Http/Middleware/ValidatePostSize.php(27): Illuminate\\Pipeline\\Pipeline->Illuminate\\Pipeline\\{closure}()
#90 /home/chinapon/7thaviation.chinaponno.com/vendor/laravel/framework/src/Illuminate/Pipeline/Pipeline.php(180): Illuminate\\Foundation\\Http\\Middleware\\ValidatePostSize->handle()
#91 /home/chinapon/7thaviation.chinaponno.com/vendor/laravel/framework/src/Illuminate/Foundation/Http/Middleware/PreventRequestsDuringMaintenance.php(86): Illuminate\\Pipeline\\Pipeline->Illuminate\\Pipeline\\{closure}()
#92 /home/chinapon/7thaviation.chinaponno.com/vendor/laravel/framework/src/Illuminate/Pipeline/Pipeline.php(180): Illuminate\\Foundation\\Http\\Middleware\\PreventRequestsDuringMaintenance->handle()
#93 /home/chinapon/7thaviation.chinaponno.com/vendor/laravel/framework/src/Illuminate/Http/Middleware/HandleCors.php(49): Illuminate\\Pipeline\\Pipeline->Illuminate\\Pipeline\\{closure}()
#94 /home/chinapon/7thaviation.chinaponno.com/vendor/laravel/framework/src/Illuminate/Pipeline/Pipeline.php(180): Illuminate\\Http\\Middleware\\HandleCors->handle()
#95 /home/chinapon/7thaviation.chinaponno.com/app/Http/Middleware/RedirectToInstaller.php(40): Illuminate\\Pipeline\\Pipeline->Illuminate\\Pipeline\\{closure}()
#96 /home/chinapon/7thaviation.chinaponno.com/vendor/laravel/framework/src/Illuminate/Pipeline/Pipeline.php(180): App\\Http\\Middleware\\RedirectToInstaller->handle()
#97 /home/chinapon/7thaviation.chinaponno.com/vendor/laravel/framework/src/Illuminate/Http/Middleware/TrustProxies.php(39): Illuminate\\Pipeline\\Pipeline->Illuminate\\Pipeline\\{closure}()
#98 /home/chinapon/7thaviation.chinaponno.com/vendor/laravel/framework/src/Illuminate/Pipeline/Pipeline.php(180): Illuminate\\Http\\Middleware\\TrustProxies->handle()
#99 /home/chinapon/7thaviation.chinaponno.com/vendor/laravel/framework/src/Illuminate/Pipeline/Pipeline.php(116): Illuminate\\Pipeline\\Pipeline->Illuminate\\Pipeline\\{closure}()
#100 /home/chinapon/7thaviation.chinaponno.com/vendor/laravel/framework/src/Illuminate/Foundation/Http/Kernel.php(165): Illuminate\\Pipeline\\Pipeline->then()
#101 /home/chinapon/7thaviation.chinaponno.com/vendor/laravel/framework/src/Illuminate/Foundation/Http/Kernel.php(134): Illuminate\\Foundation\\Http\\Kernel->sendRequestThroughRouter()
#102 /home/chinapon/7thaviation.chinaponno.com/public/index.php(72): Illuminate\\Foundation\\Http\\Kernel->handle()
#103 {main}

[previous exception] [object] (PDOException(code: 23000): SQLSTATE[23000]: Integrity constraint violation: 1062 Duplicate entry 'admin@mytravel.test' for key 'users_email_unique' at /home/chinapon/7thaviation.chinaponno.com/vendor/laravel/framework/src/Illuminate/Database/Connection.php:545)
[stacktrace]
#0 /home/chinapon/7thaviation.chinaponno.com/vendor/laravel/framework/src/Illuminate/Database/Connection.php(545): PDOStatement->execute()
#1 /home/chinapon/7thaviation.chinaponno.com/vendor/laravel/framework/src/Illuminate/Database/Connection.php(753): Illuminate\\Database\\Connection->Illuminate\\Database\\{closure}()
#2 /home/chinapon/7thaviation.chinaponno.com/vendor/laravel/framework/src/Illuminate/Database/Connection.php(720): Illuminate\\Database\\Connection->runQueryCallback()
#3 /home/chinapon/7thaviation.chinaponno.com/vendor/laravel/framework/src/Illuminate/Database/Connection.php(546): Illuminate\\Database\\Connection->run()
#4 /home/chinapon/7thaviation.chinaponno.com/vendor/laravel/framework/src/Illuminate/Database/Connection.php(498): Illuminate\\Database\\Connection->statement()
#5 /home/chinapon/7thaviation.chinaponno.com/vendor/laravel/framework/src/Illuminate/Database/Query/Builder.php(3222): Illuminate\\Database\\Connection->insert()
#6 /home/chinapon/7thaviation.chinaponno.com/themes/Mytravel/Database/Seeders/UsersTableSeeder.php(26): Illuminate\\Database\\Query\\Builder->insert()
#7 /home/chinapon/7thaviation.chinaponno.com/vendor/laravel/framework/src/Illuminate/Container/BoundMethod.php(36): Themes\\Mytravel\\Database\\Seeders\\UsersTableSeeder->run()
#8 /home/chinapon/7thaviation.chinaponno.com/vendor/laravel/framework/src/Illuminate/Container/Util.php(41): Illuminate\\Container\\BoundMethod::Illuminate\\Container\\{closure}()
#9 /home/chinapon/7thaviation.chinaponno.com/vendor/laravel/framework/src/Illuminate/Container/BoundMethod.php(93): Illuminate\\Container\\Util::unwrapIfClosure()
#10 /home/chinapon/7thaviation.chinaponno.com/vendor/laravel/framework/src/Illuminate/Container/BoundMethod.php(37): Illuminate\\Container\\BoundMethod::callBoundMethod()
#11 /home/chinapon/7thaviation.chinaponno.com/vendor/laravel/framework/src/Illuminate/Container/Container.php(651): Illuminate\\Container\\BoundMethod::call()
#12 /home/chinapon/7thaviation.chinaponno.com/vendor/laravel/framework/src/Illuminate/Database/Seeder.php(184): Illuminate\\Container\\Container->call()
#13 /home/chinapon/7thaviation.chinaponno.com/vendor/laravel/framework/src/Illuminate/Database/Seeder.php(193): Illuminate\\Database\\Seeder->Illuminate\\Database\\{closure}()
#14 /home/chinapon/7thaviation.chinaponno.com/vendor/laravel/framework/src/Illuminate/Database/Seeder.php(61): Illuminate\\Database\\Seeder->__invoke()
#15 /home/chinapon/7thaviation.chinaponno.com/themes/Mytravel/Database/Seeders/DatabaseSeeder.php(23): Illuminate\\Database\\Seeder->call()
#16 /home/chinapon/7thaviation.chinaponno.com/vendor/laravel/framework/src/Illuminate/Container/BoundMethod.php(36): Themes\\Mytravel\\Database\\Seeders\\DatabaseSeeder->run()
#17 /home/chinapon/7thaviation.chinaponno.com/vendor/laravel/framework/src/Illuminate/Container/Util.php(41): Illuminate\\Container\\BoundMethod::Illuminate\\Container\\{closure}()
#18 /home/chinapon/7thaviation.chinaponno.com/vendor/laravel/framework/src/Illuminate/Container/BoundMethod.php(93): Illuminate\\Container\\Util::unwrapIfClosure()
#19 /home/chinapon/7thaviation.chinaponno.com/vendor/laravel/framework/src/Illuminate/Container/BoundMethod.php(37): Illuminate\\Container\\BoundMethod::callBoundMethod()
#20 /home/chinapon/7thaviation.chinaponno.com/vendor/laravel/framework/src/Illuminate/Container/Container.php(651): Illuminate\\Container\\BoundMethod::call()
#21 /home/chinapon/7thaviation.chinaponno.com/vendor/laravel/framework/src/Illuminate/Database/Seeder.php(184): Illuminate\\Container\\Container->call()
#22 /home/chinapon/7thaviation.chinaponno.com/vendor/laravel/framework/src/Illuminate/Database/Seeder.php(193): Illuminate\\Database\\Seeder->Illuminate\\Database\\{closure}()
#23 /home/chinapon/7thaviation.chinaponno.com/vendor/laravel/framework/src/Illuminate/Database/Console/Seeds/SeedCommand.php(81): Illuminate\\Database\\Seeder->__invoke()
#24 /home/chinapon/7thaviation.chinaponno.com/vendor/laravel/framework/src/Illuminate/Database/Eloquent/Concerns/GuardsAttributes.php(155): Illuminate\\Database\\Console\\Seeds\\SeedCommand->Illuminate\\Database\\Console\\Seeds\\{closure}()
#25 /home/chinapon/7thaviation.chinaponno.com/vendor/laravel/framework/src/Illuminate/Database/Console/Seeds/SeedCommand.php(82): Illuminate\\Database\\Eloquent\\Model::unguarded()
#26 /home/chinapon/7thaviation.chinaponno.com/vendor/laravel/framework/src/Illuminate/Container/BoundMethod.php(36): Illuminate\\Database\\Console\\Seeds\\SeedCommand->handle()
#27 /home/chinapon/7thaviation.chinaponno.com/vendor/laravel/framework/src/Illuminate/Container/Util.php(41): Illuminate\\Container\\BoundMethod::Illuminate\\Container\\{closure}()
#28 /home/chinapon/7thaviation.chinaponno.com/vendor/laravel/framework/src/Illuminate/Container/BoundMethod.php(93): Illuminate\\Container\\Util::unwrapIfClosure()
#29 /home/chinapon/7thaviation.chinaponno.com/vendor/laravel/framework/src/Illuminate/Container/BoundMethod.php(37): Illuminate\\Container\\BoundMethod::callBoundMethod()
#30 /home/chinapon/7thaviation.chinaponno.com/vendor/laravel/framework/src/Illuminate/Container/Container.php(651): Illuminate\\Container\\BoundMethod::call()
#31 /home/chinapon/7thaviation.chinaponno.com/vendor/laravel/framework/src/Illuminate/Console/Command.php(182): Illuminate\\Container\\Container->call()
#32 /home/chinapon/7thaviation.chinaponno.com/vendor/symfony/console/Command/Command.php(291): Illuminate\\Console\\Command->execute()
#33 /home/chinapon/7thaviation.chinaponno.com/vendor/laravel/framework/src/Illuminate/Console/Command.php(152): Symfony\\Component\\Console\\Command\\Command->run()
#34 /home/chinapon/7thaviation.chinaponno.com/vendor/symfony/console/Application.php(1014): Illuminate\\Console\\Command->run()
#35 /home/chinapon/7thaviation.chinaponno.com/vendor/symfony/console/Application.php(301): Symfony\\Component\\Console\\Application->doRunCommand()
#36 /home/chinapon/7thaviation.chinaponno.com/vendor/symfony/console/Application.php(171): Symfony\\Component\\Console\\Application->doRun()
#37 /home/chinapon/7thaviation.chinaponno.com/vendor/laravel/framework/src/Illuminate/Console/Application.php(102): Symfony\\Component\\Console\\Application->run()
#38 /home/chinapon/7thaviation.chinaponno.com/vendor/laravel/framework/src/Illuminate/Console/Application.php(194): Illuminate\\Console\\Application->run()
#39 /home/chinapon/7thaviation.chinaponno.com/vendor/laravel/framework/src/Illuminate/Foundation/Console/Kernel.php(336): Illuminate\\Console\\Application->call()
#40 /home/chinapon/7thaviation.chinaponno.com/vendor/laravel/framework/src/Illuminate/Support/Facades/Facade.php(338): Illuminate\\Foundation\\Console\\Kernel->call()
#41 /home/chinapon/7thaviation.chinaponno.com/modules/Theme/Abstracts/AbstractThemeProvider.php(67): Illuminate\\Support\\Facades\\Facade::__callStatic()
#42 /home/chinapon/7thaviation.chinaponno.com/modules/Theme/Admin/ThemeController.php(74): Modules\\Theme\\Abstracts\\AbstractThemeProvider::runSeeder()
#43 /home/chinapon/7thaviation.chinaponno.com/vendor/laravel/framework/src/Illuminate/Routing/Controller.php(54): Modules\\Theme\\Admin\\ThemeController->seeding()
#44 /home/chinapon/7thaviation.chinaponno.com/vendor/laravel/framework/src/Illuminate/Routing/ControllerDispatcher.php(43): Illuminate\\Routing\\Controller->callAction()
#45 /home/chinapon/7thaviation.chinaponno.com/vendor/laravel/framework/src/Illuminate/Routing/Route.php(260): Illuminate\\Routing\\ControllerDispatcher->dispatch()
#46 /home/chinapon/7thaviation.chinaponno.com/vendor/laravel/framework/src/Illuminate/Routing/Route.php(205): Illuminate\\Routing\\Route->runController()
#47 /home/chinapon/7thaviation.chinaponno.com/vendor/laravel/framework/src/Illuminate/Routing/Router.php(798): Illuminate\\Routing\\Route->run()
#48 /home/chinapon/7thaviation.chinaponno.com/vendor/laravel/framework/src/Illuminate/Pipeline/Pipeline.php(141): Illuminate\\Routing\\Router->Illuminate\\Routing\\{closure}()
#49 /home/chinapon/7thaviation.chinaponno.com/app/Http/Middleware/Dashboard.php(25): Illuminate\\Pipeline\\Pipeline->Illuminate\\Pipeline\\{closure}()
#50 /home/chinapon/7thaviation.chinaponno.com/vendor/laravel/framework/src/Illuminate/Pipeline/Pipeline.php(180): App\\Http\\Middleware\\Dashboard->handle()
#51 /home/chinapon/7thaviation.chinaponno.com/app/Http/Middleware/RequireChangePassword.php(41): Illuminate\\Pipeline\\Pipeline->Illuminate\\Pipeline\\{closure}()
#52 /home/chinapon/7thaviation.chinaponno.com/vendor/laravel/framework/src/Illuminate/Pipeline/Pipeline.php(180): App\\Http\\Middleware\\RequireChangePassword->handle()
#53 /home/chinapon/7thaviation.chinaponno.com/app/Http/Middleware/SetLanguageForAdmin.php(37): Illuminate\\Pipeline\\Pipeline->Illuminate\\Pipeline\\{closure}()
#54 /home/chinapon/7thaviation.chinaponno.com/vendor/laravel/framework/src/Illuminate/Pipeline/Pipeline.php(180): App\\Http\\Middleware\\SetLanguageForAdmin->handle()
#55 /home/chinapon/7thaviation.chinaponno.com/app/Http/Middleware/SetCurrentCurrency.php(48): Illuminate\\Pipeline\\Pipeline->Illuminate\\Pipeline\\{closure}()
#56 /home/chinapon/7thaviation.chinaponno.com/vendor/laravel/framework/src/Illuminate/Pipeline/Pipeline.php(180): App\\Http\\Middleware\\SetCurrentCurrency->handle()
#57 /home/chinapon/7thaviation.chinaponno.com/app/Http/Middleware/HideDebugbar.php(32): Illuminate\\Pipeline\\Pipeline->Illuminate\\Pipeline\\{closure}()
#58 /home/chinapon/7thaviation.chinaponno.com/vendor/laravel/framework/src/Illuminate/Pipeline/Pipeline.php(180): App\\Http\\Middleware\\HideDebugbar->handle()
#59 /home/chinapon/7thaviation.chinaponno.com/app/Http/Middleware/RedirectForMultiLanguage.php(58): Illuminate\\Pipeline\\Pipeline->Illuminate\\Pipeline\\{closure}()
#60 /home/chinapon/7thaviation.chinaponno.com/vendor/laravel/framework/src/Illuminate/Pipeline/Pipeline.php(180): App\\Http\\Middleware\\RedirectForMultiLanguage->handle()
#61 /home/chinapon/7thaviation.chinaponno.com/vendor/laravel/framework/src/Illuminate/Routing/Middleware/SubstituteBindings.php(50): Illuminate\\Pipeline\\Pipeline->Illuminate\\Pipeline\\{closure}()
#62 /home/chinapon/7thaviation.chinaponno.com/vendor/laravel/framework/src/Illuminate/Pipeline/Pipeline.php(180): Illuminate\\Routing\\Middleware\\SubstituteBindings->handle()
#63 /home/chinapon/7thaviation.chinaponno.com/vendor/laravel/framework/src/Illuminate/Foundation/Http/Middleware/VerifyCsrfToken.php(78): Illuminate\\Pipeline\\Pipeline->Illuminate\\Pipeline\\{closure}()
#64 /home/chinapon/7thaviation.chinaponno.com/vendor/laravel/framework/src/Illuminate/Pipeline/Pipeline.php(180): Illuminate\\Foundation\\Http\\Middleware\\VerifyCsrfToken->handle()
#65 /home/chinapon/7thaviation.chinaponno.com/vendor/laravel/framework/src/Illuminate/View/Middleware/ShareErrorsFromSession.php(49): Illuminate\\Pipeline\\Pipeline->Illuminate\\Pipeline\\{closure}()
#66 /home/chinapon/7thaviation.chinaponno.com/vendor/laravel/framework/src/Illuminate/Pipeline/Pipeline.php(180): Illuminate\\View\\Middleware\\ShareErrorsFromSession->handle()
#67 /home/chinapon/7thaviation.chinaponno.com/vendor/laravel/framework/src/Illuminate/Session/Middleware/StartSession.php(121): Illuminate\\Pipeline\\Pipeline->Illuminate\\Pipeline\\{closure}()
#68 /home/chinapon/7thaviation.chinaponno.com/vendor/laravel/framework/src/Illuminate/Session/Middleware/StartSession.php(64): Illuminate\\Session\\Middleware\\StartSession->handleStatefulRequest()
#69 /home/chinapon/7thaviation.chinaponno.com/vendor/laravel/framework/src/Illuminate/Pipeline/Pipeline.php(180): Illuminate\\Session\\Middleware\\StartSession->handle()
#70 /home/chinapon/7thaviation.chinaponno.com/vendor/laravel/framework/src/Illuminate/Cookie/Middleware/AddQueuedCookiesToResponse.php(37): Illuminate\\Pipeline\\Pipeline->Illuminate\\Pipeline\\{closure}()
#71 /home/chinapon/7thaviation.chinaponno.com/vendor/laravel/framework/src/Illuminate/Pipeline/Pipeline.php(180): Illuminate\\Cookie\\Middleware\\AddQueuedCookiesToResponse->handle()
#72 /home/chinapon/7thaviation.chinaponno.com/vendor/laravel/framework/src/Illuminate/Cookie/Middleware/EncryptCookies.php(67): Illuminate\\Pipeline\\Pipeline->Illuminate\\Pipeline\\{closure}()
#73 /home/chinapon/7thaviation.chinaponno.com/vendor/laravel/framework/src/Illuminate/Pipeline/Pipeline.php(180): Illuminate\\Cookie\\Middleware\\EncryptCookies->handle()
#74 /home/chinapon/7thaviation.chinaponno.com/vendor/laravel/framework/src/Illuminate/Pipeline/Pipeline.php(116): Illuminate\\Pipeline\\Pipeline->Illuminate\\Pipeline\\{closure}()
#75 /home/chinapon/7thaviation.chinaponno.com/vendor/laravel/framework/src/Illuminate/Routing/Router.php(799): Illuminate\\Pipeline\\Pipeline->then()
#76 /home/chinapon/7thaviation.chinaponno.com/vendor/laravel/framework/src/Illuminate/Routing/Router.php(776): Illuminate\\Routing\\Router->runRouteWithinStack()
#77 /home/chinapon/7thaviation.chinaponno.com/vendor/laravel/framework/src/Illuminate/Routing/Router.php(740): Illuminate\\Routing\\Router->runRoute()
#78 /home/chinapon/7thaviation.chinaponno.com/vendor/laravel/framework/src/Illuminate/Routing/Router.php(729): Illuminate\\Routing\\Router->dispatchToRoute()
#79 /home/chinapon/7thaviation.chinaponno.com/vendor/laravel/framework/src/Illuminate/Foundation/Http/Kernel.php(190): Illuminate\\Routing\\Router->dispatch()
#80 /home/chinapon/7thaviation.chinaponno.com/vendor/laravel/framework/src/Illuminate/Pipeline/Pipeline.php(141): Illuminate\\Foundation\\Http\\Kernel->Illuminate\\Foundation\\Http\\{closure}()
#81 /home/chinapon/7thaviation.chinaponno.com/themes/Base/Core/Middleware/RunUpdater.php(72): Illuminate\\Pipeline\\Pipeline->Illuminate\\Pipeline\\{closure}()
#82 /home/chinapon/7thaviation.chinaponno.com/vendor/laravel/framework/src/Illuminate/Pipeline/Pipeline.php(180): Themes\\Base\\Core\\Middleware\\RunUpdater->handle()
#83 /home/chinapon/7thaviation.chinaponno.com/vendor/barryvdh/laravel-debugbar/src/Middleware/InjectDebugbar.php(59): Illuminate\\Pipeline\\Pipeline->Illuminate\\Pipeline\\{closure}()
#84 /home/chinapon/7thaviation.chinaponno.com/vendor/laravel/framework/src/Illuminate/Pipeline/Pipeline.php(180): Barryvdh\\Debugbar\\Middleware\\InjectDebugbar->handle()
#85 /home/chinapon/7thaviation.chinaponno.com/vendor/laravel/framework/src/Illuminate/Foundation/Http/Middleware/TransformsRequest.php(21): Illuminate\\Pipeline\\Pipeline->Illuminate\\Pipeline\\{closure}()
#86 /home/chinapon/7thaviation.chinaponno.com/vendor/laravel/framework/src/Illuminate/Foundation/Http/Middleware/ConvertEmptyStringsToNull.php(31): Illuminate\\Foundation\\Http\\Middleware\\TransformsRequest->handle()
#87 /home/chinapon/7thaviation.chinaponno.com/vendor/laravel/framework/src/Illuminate/Pipeline/Pipeline.php(180): Illuminate\\Foundation\\Http\\Middleware\\ConvertEmptyStringsToNull->handle()
#88 /home/chinapon/7thaviation.chinaponno.com/vendor/laravel/framework/src/Illuminate/Foundation/Http/Middleware/TransformsRequest.php(21): Illuminate\\Pipeline\\Pipeline->Illuminate\\Pipeline\\{closure}()
#89 /home/chinapon/7thaviation.chinaponno.com/vendor/laravel/framework/src/Illuminate/Foundation/Http/Middleware/TrimStrings.php(40): Illuminate\\Foundation\\Http\\Middleware\\TransformsRequest->handle()
#90 /home/chinapon/7thaviation.chinaponno.com/vendor/laravel/framework/src/Illuminate/Pipeline/Pipeline.php(180): Illuminate\\Foundation\\Http\\Middleware\\TrimStrings->handle()
#91 /home/chinapon/7thaviation.chinaponno.com/vendor/laravel/framework/src/Illuminate/Foundation/Http/Middleware/ValidatePostSize.php(27): Illuminate\\Pipeline\\Pipeline->Illuminate\\Pipeline\\{closure}()
#92 /home/chinapon/7thaviation.chinaponno.com/vendor/laravel/framework/src/Illuminate/Pipeline/Pipeline.php(180): Illuminate\\Foundation\\Http\\Middleware\\ValidatePostSize->handle()
#93 /home/chinapon/7thaviation.chinaponno.com/vendor/laravel/framework/src/Illuminate/Foundation/Http/Middleware/PreventRequestsDuringMaintenance.php(86): Illuminate\\Pipeline\\Pipeline->Illuminate\\Pipeline\\{closure}()
#94 /home/chinapon/7thaviation.chinaponno.com/vendor/laravel/framework/src/Illuminate/Pipeline/Pipeline.php(180): Illuminate\\Foundation\\Http\\Middleware\\PreventRequestsDuringMaintenance->handle()
#95 /home/chinapon/7thaviation.chinaponno.com/vendor/laravel/framework/src/Illuminate/Http/Middleware/HandleCors.php(49): Illuminate\\Pipeline\\Pipeline->Illuminate\\Pipeline\\{closure}()
#96 /home/chinapon/7thaviation.chinaponno.com/vendor/laravel/framework/src/Illuminate/Pipeline/Pipeline.php(180): Illuminate\\Http\\Middleware\\HandleCors->handle()
#97 /home/chinapon/7thaviation.chinaponno.com/app/Http/Middleware/RedirectToInstaller.php(40): Illuminate\\Pipeline\\Pipeline->Illuminate\\Pipeline\\{closure}()
#98 /home/chinapon/7thaviation.chinaponno.com/vendor/laravel/framework/src/Illuminate/Pipeline/Pipeline.php(180): App\\Http\\Middleware\\RedirectToInstaller->handle()
#99 /home/chinapon/7thaviation.chinaponno.com/vendor/laravel/framework/src/Illuminate/Http/Middleware/TrustProxies.php(39): Illuminate\\Pipeline\\Pipeline->Illuminate\\Pipeline\\{closure}()
#100 /home/chinapon/7thaviation.chinaponno.com/vendor/laravel/framework/src/Illuminate/Pipeline/Pipeline.php(180): Illuminate\\Http\\Middleware\\TrustProxies->handle()
#101 /home/chinapon/7thaviation.chinaponno.com/vendor/laravel/framework/src/Illuminate/Pipeline/Pipeline.php(116): Illuminate\\Pipeline\\Pipeline->Illuminate\\Pipeline\\{closure}()
#102 /home/chinapon/7thaviation.chinaponno.com/vendor/laravel/framework/src/Illuminate/Foundation/Http/Kernel.php(165): Illuminate\\Pipeline\\Pipeline->then()
#103 /home/chinapon/7thaviation.chinaponno.com/vendor/laravel/framework/src/Illuminate/Foundation/Http/Kernel.php(134): Illuminate\\Foundation\\Http\\Kernel->sendRequestThroughRouter()
#104 /home/chinapon/7thaviation.chinaponno.com/public/index.php(72): Illuminate\\Foundation\\Http\\Kernel->handle()
#105 {main}
"} 
